Build started 24/11/2017 10:29:53.
     1>Project "C:\hlocal\SIM_Proyect\MOTOR_SIM\Esqueleto 3D (2013) con FreeGLUT\freeglut project 3D\freeglut project 3D.vcxproj" on node 2 (Build target(s)).
     1>ClCompile:
         C:\software\programacion\MSVStudio2013\VC\bin\CL.exe /c /I"C:\hlocal\SIM_Proyect\MOTOR_SIM\Esqueleto 3D (2013) con FreeGLUT\freeglut\include\\" /Zi /nologo /W3 /WX- /O2 /Oi /Oy- /GL /D _MBCS /Gm- /EHsc /MD /GS /Gy /fp:precise /Zc:wchar_t /Zc:forScope /Fo"Release\\" /Fd"Release\vc120.pdb" /Gd /TP /analyze- /errorReport:prompt PeParticula.cpp
         PeParticula.cpp
     1>PeParticula.cpp(11): warning C4244: '=' : conversion from 'int' to 'GLfloat', possible loss of data
       Link:
         C:\software\programacion\MSVStudio2013\VC\bin\link.exe /ERRORREPORT:PROMPT /OUT:"C:\hlocal\SIM_Proyect\MOTOR_SIM\Esqueleto 3D (2013) con FreeGLUT\Release\freeglut project 3D.exe" /NOLOGO /LIBPATH:"C:\hlocal\SIM_Proyect\MOTOR_SIM\Esqueleto 3D (2013) con FreeGLUT\freeglut\lib\\" kernel32.lib user32.lib gdi32.lib winspool.lib comdlg32.lib advapi32.lib shell32.lib ole32.lib oleaut32.lib uuid.lib odbc32.lib odbccp32.lib /MANIFEST /MANIFESTUAC:"level='asInvoker' uiAccess='false'" /manifest:embed /DEBUG /PDB:"C:\hlocal\SIM_Proyect\MOTOR_SIM\Esqueleto 3D (2013) con FreeGLUT\Release\freeglut project 3D.pdb" /OPT:REF /OPT:ICF /LTCG /TLBID:1 /DYNAMICBASE /NXCOMPAT /IMPLIB:"C:\hlocal\SIM_Proyect\MOTOR_SIM\Esqueleto 3D (2013) con FreeGLUT\Release\freeglut project 3D.lib" /MACHINE:X86 /SAFESEH Release\Cara.obj
         Release\main.obj
         Release\Malla.obj
         Release\ObjetoCompuesto.obj
         Release\ObjetoCuadrico.obj
         Release\ObjetosCuadricos.obj
         Release\ObjetosMalla.obj
         Release\PeCubo.obj
         Release\PeFuerza.obj
         Release\PeMundo.obj
         Release\PeParticula.obj
         Release\PeRigidBody.obj
         Release\PeSistemaParticulas.obj
         Release\PeSolidoRigido.obj
         Release\PeSPExplosion.obj
         Release\PeSPFuego.obj
         Release\PuntoVector3D.obj
         Release\VerticeNormal.obj
         Generating code
         Finished generating code
         freeglut project 3D.vcxproj -> C:\hlocal\SIM_Proyect\MOTOR_SIM\Esqueleto 3D (2013) con FreeGLUT\Release\freeglut project 3D.exe
     1>Done Building Project "C:\hlocal\SIM_Proyect\MOTOR_SIM\Esqueleto 3D (2013) con FreeGLUT\freeglut project 3D\freeglut project 3D.vcxproj" (Build target(s)).

Build succeeded.

Time Elapsed 00:00:01.09
