c:\hlocal\sim_proyect\motor_sim\esqueleto 3d (2013) con freeglut\freeglut project 3d\release\vc120.pdb
c:\hlocal\sim_proyect\motor_sim\esqueleto 3d (2013) con freeglut\freeglut project 3d\release\verticenormal.obj
c:\hlocal\sim_proyect\motor_sim\esqueleto 3d (2013) con freeglut\freeglut project 3d\release\puntovector3d.obj
c:\hlocal\sim_proyect\motor_sim\esqueleto 3d (2013) con freeglut\freeglut project 3d\release\pespfuego.obj
c:\hlocal\sim_proyect\motor_sim\esqueleto 3d (2013) con freeglut\freeglut project 3d\release\pespexplosion.obj
c:\hlocal\sim_proyect\motor_sim\esqueleto 3d (2013) con freeglut\freeglut project 3d\release\pesolidorigido.obj
c:\hlocal\sim_proyect\motor_sim\esqueleto 3d (2013) con freeglut\freeglut project 3d\release\pesistemaparticulas.obj
c:\hlocal\sim_proyect\motor_sim\esqueleto 3d (2013) con freeglut\freeglut project 3d\release\perigidbody.obj
c:\hlocal\sim_proyect\motor_sim\esqueleto 3d (2013) con freeglut\freeglut project 3d\release\peparticula.obj
c:\hlocal\sim_proyect\motor_sim\esqueleto 3d (2013) con freeglut\freeglut project 3d\release\pemundo.obj
c:\hlocal\sim_proyect\motor_sim\esqueleto 3d (2013) con freeglut\freeglut project 3d\release\pefuerza.obj
c:\hlocal\sim_proyect\motor_sim\esqueleto 3d (2013) con freeglut\freeglut project 3d\release\pecubo.obj
c:\hlocal\sim_proyect\motor_sim\esqueleto 3d (2013) con freeglut\freeglut project 3d\release\objetosmalla.obj
c:\hlocal\sim_proyect\motor_sim\esqueleto 3d (2013) con freeglut\freeglut project 3d\release\objetoscuadricos.obj
c:\hlocal\sim_proyect\motor_sim\esqueleto 3d (2013) con freeglut\freeglut project 3d\release\objetocuadrico.obj
c:\hlocal\sim_proyect\motor_sim\esqueleto 3d (2013) con freeglut\freeglut project 3d\release\objetocompuesto.obj
c:\hlocal\sim_proyect\motor_sim\esqueleto 3d (2013) con freeglut\freeglut project 3d\release\malla.obj
c:\hlocal\sim_proyect\motor_sim\esqueleto 3d (2013) con freeglut\freeglut project 3d\release\main.obj
c:\hlocal\sim_proyect\motor_sim\esqueleto 3d (2013) con freeglut\freeglut project 3d\release\cara.obj
c:\hlocal\sim_proyect\motor_sim\esqueleto 3d (2013) con freeglut\release\freeglut project 3d.exe
c:\hlocal\sim_proyect\motor_sim\esqueleto 3d (2013) con freeglut\release\freeglut project 3d.pdb
c:\hlocal\sim_proyect\motor_sim\esqueleto 3d (2013) con freeglut\freeglut project 3d\release\freeglut.7b0bffd4.tlog\cl.command.1.tlog
c:\hlocal\sim_proyect\motor_sim\esqueleto 3d (2013) con freeglut\freeglut project 3d\release\freeglut.7b0bffd4.tlog\cl.read.1.tlog
c:\hlocal\sim_proyect\motor_sim\esqueleto 3d (2013) con freeglut\freeglut project 3d\release\freeglut.7b0bffd4.tlog\cl.write.1.tlog
c:\hlocal\sim_proyect\motor_sim\esqueleto 3d (2013) con freeglut\freeglut project 3d\release\freeglut.7b0bffd4.tlog\link.command.1.tlog
c:\hlocal\sim_proyect\motor_sim\esqueleto 3d (2013) con freeglut\freeglut project 3d\release\freeglut.7b0bffd4.tlog\link.read.1.tlog
c:\hlocal\sim_proyect\motor_sim\esqueleto 3d (2013) con freeglut\freeglut project 3d\release\freeglut.7b0bffd4.tlog\link.write.1.tlog
