c:\users\user\desktop\docencia\ig\gco (máster) 15-16\esqueletos\freeglut project 3d (2012)\freeglut project 3d\debug\main.obj
c:\users\user\desktop\docencia\ig\gco (máster) 15-16\esqueletos\freeglut project 3d (2012)\freeglut project 3d\debug\vc110.pdb
c:\users\user\desktop\freeglut project 3d (2012)\freeglut project 3d\debug\main.obj
c:\users\user\desktop\freeglut project 3d (2012)\freeglut project 3d\debug\vc110.pdb
c:\users\user\desktop\docencia\ig\gco (máster) 15-16\esqueletos\freeglut project 3d (2012)\debug\freeglut project 3d.ilk
c:\users\user\desktop\docencia\ig\gco (máster) 15-16\esqueletos\freeglut project 3d (2012)\debug\freeglut project 3d.exe
c:\users\user\desktop\docencia\ig\gco (máster) 15-16\esqueletos\freeglut project 3d (2012)\debug\freeglut project 3d.pdb
c:\users\user\desktop\freeglut project 3d (2012)\debug\freeglut project 3d.ilk
c:\users\user\desktop\freeglut project 3d (2012)\debug\freeglut project 3d.exe
c:\users\user\desktop\freeglut project 3d (2012)\debug\freeglut project 3d.pdb
c:\users\user\desktop\clase 1\esqueleto 3d (2013) con freeglut\freeglut project 3d\debug\vc120.pdb
c:\users\user\desktop\clase 1\esqueleto 3d (2013) con freeglut\freeglut project 3d\debug\vc120.idb
c:\users\user\desktop\clase 1\esqueleto 3d (2013) con freeglut\freeglut project 3d\debug\main.obj
c:\hlocal\practica1 ig\esqueleto 3d (2013) con freeglut\freeglut project 3d\debug\vc120.pdb
c:\hlocal\practica1 ig\esqueleto 3d (2013) con freeglut\freeglut project 3d\debug\vc120.idb
c:\hlocal\practica1 ig\esqueleto 3d (2013) con freeglut\freeglut project 3d\debug\main.obj
c:\hlocal\practica1 ig\esqueleto 3d (2013) con freeglut\freeglut project 3d\debug\objetocuadrico.obj
c:\hlocal\practica1 ig\practica1 ig\esqueleto 3d (2013) con freeglut\freeglut project 3d\debug\vc120.pdb
c:\hlocal\practica1 ig\practica1 ig\esqueleto 3d (2013) con freeglut\freeglut project 3d\debug\vc120.idb
c:\hlocal\practica1 ig\practica1 ig\esqueleto 3d (2013) con freeglut\freeglut project 3d\debug\main.obj
c:\hlocal\practica1 ig\practica1 ig\esqueleto 3d (2013) con freeglut\freeglut project 3d\debug\objetocuadrico.obj
c:\users\user\desktop\clase 1\esqueleto 3d (2013) con freeglut\debug\freeglut project 3d.ilk
c:\users\user\desktop\clase 1\esqueleto 3d (2013) con freeglut\debug\freeglut project 3d.exe
c:\users\user\desktop\clase 1\esqueleto 3d (2013) con freeglut\debug\freeglut project 3d.pdb
c:\hlocal\practica1 ig\esqueleto 3d (2013) con freeglut\debug\freeglut project 3d.ilk
c:\hlocal\practica1 ig\esqueleto 3d (2013) con freeglut\debug\freeglut project 3d.exe
c:\hlocal\practica1 ig\esqueleto 3d (2013) con freeglut\debug\freeglut project 3d.pdb
c:\hlocal\practica1 ig\practica1 ig\esqueleto 3d (2013) con freeglut\debug\freeglut project 3d.ilk
c:\hlocal\practica1 ig\practica1 ig\esqueleto 3d (2013) con freeglut\debug\freeglut project 3d.exe
c:\hlocal\practica1 ig\practica1 ig\esqueleto 3d (2013) con freeglut\debug\freeglut project 3d.pdb
c:\hlocal\practica1 ig\practica1 ig\esqueleto 3d (2013) con freeglut\freeglut project 3d\debug\cl.command.1.tlog
c:\hlocal\practica1 ig\practica1 ig\esqueleto 3d (2013) con freeglut\freeglut project 3d\debug\cl.read.1.tlog
c:\hlocal\practica1 ig\practica1 ig\esqueleto 3d (2013) con freeglut\freeglut project 3d\debug\cl.write.1.tlog
c:\hlocal\practica1 ig\practica1 ig\esqueleto 3d (2013) con freeglut\freeglut project 3d\debug\link-cvtres.read.1.tlog
c:\hlocal\practica1 ig\practica1 ig\esqueleto 3d (2013) con freeglut\freeglut project 3d\debug\link-cvtres.write.1.tlog
c:\hlocal\practica1 ig\practica1 ig\esqueleto 3d (2013) con freeglut\freeglut project 3d\debug\link-rc.read.1.tlog
c:\hlocal\practica1 ig\practica1 ig\esqueleto 3d (2013) con freeglut\freeglut project 3d\debug\link-rc.write.1.tlog
c:\hlocal\practica1 ig\practica1 ig\esqueleto 3d (2013) con freeglut\freeglut project 3d\debug\link.command.1.tlog
c:\hlocal\practica1 ig\practica1 ig\esqueleto 3d (2013) con freeglut\freeglut project 3d\debug\link.read.1.tlog
c:\hlocal\practica1 ig\practica1 ig\esqueleto 3d (2013) con freeglut\freeglut project 3d\debug\link.write.1.tlog
c:\hlocal\practica1 ig\practica1 ig\esqueleto 3d (2013) con freeglut\freeglut project 3d\debug\vc110.idb
c:\hlocal\practica1 ig\practica1 ig\esqueleto 3d (2013) con freeglut\freeglut project 3d\debug\vc110.pdb
c:\hlocal\practica1 ig\practica1 ig\esqueleto 3d (2013) con freeglut\freeglut project 3d\debug\freeglut.7b0bffd4.tlog\cl.command.1.tlog
c:\hlocal\practica1 ig\practica1 ig\esqueleto 3d (2013) con freeglut\freeglut project 3d\debug\freeglut.7b0bffd4.tlog\cl.read.1.tlog
c:\hlocal\practica1 ig\practica1 ig\esqueleto 3d (2013) con freeglut\freeglut project 3d\debug\freeglut.7b0bffd4.tlog\cl.write.1.tlog
c:\hlocal\practica1 ig\practica1 ig\esqueleto 3d (2013) con freeglut\freeglut project 3d\debug\freeglut.7b0bffd4.tlog\link.command.1.tlog
c:\hlocal\practica1 ig\practica1 ig\esqueleto 3d (2013) con freeglut\freeglut project 3d\debug\freeglut.7b0bffd4.tlog\link.read.1.tlog
c:\hlocal\practica1 ig\practica1 ig\esqueleto 3d (2013) con freeglut\freeglut project 3d\debug\freeglut.7b0bffd4.tlog\link.write.1.tlog
